[debug] [2021-02-06T05:56:26.143Z] ----------------------------------------------------------------------
[debug] [2021-02-06T05:56:26.145Z] Command:       C:\Program Files\nodejs\node.exe C:\Users\Aju\AppData\Roaming\npm\node_modules\firebase-tools\lib\bin\firebase.js init
[debug] [2021-02-06T05:56:26.146Z] CLI Version:   8.10.0
[debug] [2021-02-06T05:56:26.146Z] Platform:      win32
[debug] [2021-02-06T05:56:26.146Z] Node Version:  v12.18.1
[debug] [2021-02-06T05:56:26.147Z] Time:          Sat Feb 06 2021 11:26:26 GMT+0530 (India Standard Time)
[debug] [2021-02-06T05:56:26.147Z] ----------------------------------------------------------------------
[debug] [2021-02-06T05:56:26.148Z] 
[debug] [2021-02-06T05:56:26.155Z] > command requires scopes: ["email","openid","https://www.googleapis.com/auth/cloudplatformprojects.readonly","https://www.googleapis.com/auth/firebase","https://www.googleapis.com/auth/cloud-platform"]
[debug] [2021-02-06T05:56:26.156Z] > authorizing via signed-in user
[info] 
     ######## #### ########  ######## ########     ###     ######  ########
     ##        ##  ##     ## ##       ##     ##  ##   ##  ##       ##
     ######    ##  ########  ######   ########  #########  ######  ######
     ##        ##  ##    ##  ##       ##     ## ##     ##       ## ##
     ##       #### ##     ## ######## ########  ##     ##  ######  ########

You're about to initialize a Firebase project in this directory:

  E:\cross roads

Before we get started, keep in mind:

  * You are initializing in an existing Firebase project directory

[info] 
=== Project Setup
[info] 
[info] First, let's associate this project directory with a Firebase project.
[info] You can create multiple project aliases by running firebase use --add, 
[info] but for now we'll just set up a default project.
[info] 
[info] i  .firebaserc already has a default project, using travelix-3d086. 
[debug] [2021-02-06T05:56:43.342Z] >>> HTTP REQUEST GET https://firebase.googleapis.com/v1beta1/projects/travelix-3d086  
 
[debug] [2021-02-06T05:56:43.786Z] <<< HTTP RESPONSE 200 {"content-type":"application/json; charset=UTF-8","vary":"X-Origin, Referer, Origin,Accept-Encoding","date":"Sat, 06 Feb 2021 05:56:44 GMT","server":"ESF","cache-control":"private","x-xss-protection":"0","x-frame-options":"SAMEORIGIN","x-content-type-options":"nosniff","alt-svc":"h3-29=\":443\"; ma=2592000,h3-T051=\":443\"; ma=2592000,h3-Q050=\":443\"; ma=2592000,h3-Q046=\":443\"; ma=2592000,h3-Q043=\":443\"; ma=2592000,quic=\":443\"; ma=2592000; v=\"46,43\"","accept-ranges":"none","transfer-encoding":"chunked"}
[info] 
=== Hosting Setup
[info] 
[info] Your public directory is the folder (relative to your project directory) that
[info] will contain Hosting assets to be uploaded with firebase deploy. If you
[info] have a build process for your assets, use your build's output directory.
[info] 
